<?xml version="1.0" encoding="UTF-8"?>
<testng-results skipped="0" failed="1" total="4" passed="3">
  <reporter-output>
  </reporter-output>
  <suite name="Suite" duration-ms="26168" started-at="2021-01-04T23:15:33Z" finished-at="2021-01-04T23:16:00Z">
    <groups>
    </groups>
    <test name="Validating navigation Bar" duration-ms="8406" started-at="2021-01-04T23:15:33Z" finished-at="2021-01-04T23:15:42Z">
      <class name="academy.ValidateNavigationBarTest">
        <test-method status="PASS" signature="initialize()[pri:0, instance:academy.ValidateNavigationBarTest@26b3fd41]" name="initialize" is-config="true" duration-ms="8093" started-at="2021-01-05T00:15:33Z" finished-at="2021-01-05T00:15:41Z">
          <reporter-output>
          </reporter-output>
        </test-method> <!-- initialize -->
        <test-method status="PASS" signature="basePageNavigation()[pri:0, instance:academy.ValidateNavigationBarTest@26b3fd41]" name="basePageNavigation" duration-ms="77" started-at="2021-01-05T00:15:41Z" finished-at="2021-01-05T00:15:42Z">
          <reporter-output>
          </reporter-output>
        </test-method> <!-- basePageNavigation -->
        <test-method status="PASS" signature="teardown()[pri:0, instance:academy.ValidateNavigationBarTest@26b3fd41]" name="teardown" is-config="true" duration-ms="234" started-at="2021-01-05T00:15:42Z" finished-at="2021-01-05T00:15:42Z">
          <reporter-output>
          </reporter-output>
        </test-method> <!-- teardown -->
      </class> <!-- academy.ValidateNavigationBarTest -->
    </test> <!-- Validating navigation Bar -->
    <test name="Validating User login" duration-ms="14224" started-at="2021-01-04T23:15:33Z" finished-at="2021-01-04T23:15:48Z">
      <class name="academy.HomePageTest">
        <test-method status="PASS" signature="initialize()[pri:0, instance:academy.HomePageTest@8c3b9d]" name="initialize" is-config="true" duration-ms="4222" started-at="2021-01-05T00:15:33Z" finished-at="2021-01-05T00:15:38Z">
          <reporter-output>
          </reporter-output>
        </test-method> <!-- initialize -->
        <test-method status="PASS" signature="basePageNavigation(java.lang.String, java.lang.String, java.lang.String)[pri:0, instance:academy.HomePageTest@8c3b9d]" name="basePageNavigation" duration-ms="7148" started-at="2021-01-05T00:15:38Z" data-provider="getData" finished-at="2021-01-05T00:15:45Z">
          <params>
            <param index="0">
              <value>
                <![CDATA[nonrestricteduser@qw.com]]>
              </value>
            </param>
            <param index="1">
              <value>
                <![CDATA[123456]]>
              </value>
            </param>
            <param index="2">
              <value>
                <![CDATA[Restrcited User]]>
              </value>
            </param>
          </params>
          <reporter-output>
          </reporter-output>
        </test-method> <!-- basePageNavigation -->
        <test-method status="PASS" signature="basePageNavigation(java.lang.String, java.lang.String, java.lang.String)[pri:0, instance:academy.HomePageTest@8c3b9d]" name="basePageNavigation" duration-ms="2780" started-at="2021-01-05T00:15:45Z" data-provider="getData" finished-at="2021-01-05T00:15:47Z">
          <params>
            <param index="0">
              <value>
                <![CDATA[restricteduser@qw.com]]>
              </value>
            </param>
            <param index="1">
              <value>
                <![CDATA[456788]]>
              </value>
            </param>
            <param index="2">
              <value>
                <![CDATA[Non restricted user]]>
              </value>
            </param>
          </params>
          <reporter-output>
          </reporter-output>
        </test-method> <!-- basePageNavigation -->
        <test-method status="PASS" signature="teardown()[pri:0, instance:academy.HomePageTest@8c3b9d]" name="teardown" is-config="true" duration-ms="72" started-at="2021-01-05T00:15:47Z" finished-at="2021-01-05T00:15:48Z">
          <reporter-output>
          </reporter-output>
        </test-method> <!-- teardown -->
      </class> <!-- academy.HomePageTest -->
    </test> <!-- Validating User login -->
    <test name="Validating title in the Page" duration-ms="26168" started-at="2021-01-04T23:15:33Z" finished-at="2021-01-04T23:16:00Z">
      <class name="academy.ValidateTitelTest">
        <test-method status="PASS" signature="initialize()[pri:0, instance:academy.ValidateTitelTest@37ceb1df]" name="initialize" is-config="true" duration-ms="7662" started-at="2021-01-05T00:15:33Z" finished-at="2021-01-05T00:15:41Z">
          <reporter-output>
          </reporter-output>
        </test-method> <!-- initialize -->
        <test-method status="FAIL" signature="ValidateTitle()[pri:0, instance:academy.ValidateTitelTest@37ceb1df]" name="ValidateTitle" duration-ms="151" started-at="2021-01-05T00:15:41Z" finished-at="2021-01-05T00:15:41Z">
          <exception class="java.lang.AssertionError">
            <message>
              <![CDATA[expected [FEATURED COURSESs] but found [FEATURED COURSES]]]>
            </message>
            <full-stacktrace>
              <![CDATA[java.lang.AssertionError: expected [FEATURED COURSESs] but found [FEATURED COURSES]
	at org.testng.Assert.fail(Assert.java:94)
	at org.testng.Assert.failNotEquals(Assert.java:494)
	at org.testng.Assert.assertEquals(Assert.java:123)
	at org.testng.Assert.assertEquals(Assert.java:176)
	at org.testng.Assert.assertEquals(Assert.java:186)
	at academy.ValidateTitelTest.ValidateTitle(ValidateTitelTest.java:34)
	at sun.reflect.NativeMethodAccessorImpl.invoke0(Native Method)
	at sun.reflect.NativeMethodAccessorImpl.invoke(Unknown Source)
	at sun.reflect.DelegatingMethodAccessorImpl.invoke(Unknown Source)
	at java.lang.reflect.Method.invoke(Unknown Source)
	at org.testng.internal.MethodInvocationHelper.invokeMethod(MethodInvocationHelper.java:80)
	at org.testng.internal.Invoker.invokeMethod(Invoker.java:714)
	at org.testng.internal.Invoker.invokeTestMethod(Invoker.java:901)
	at org.testng.internal.Invoker.invokeTestMethods(Invoker.java:1231)
	at org.testng.internal.TestMethodWorker.invokeTestMethods(TestMethodWorker.java:127)
	at org.testng.internal.TestMethodWorker.run(TestMethodWorker.java:111)
	at org.testng.TestRunner.privateRun(TestRunner.java:767)
	at org.testng.TestRunner.run(TestRunner.java:617)
	at org.testng.SuiteRunner.runTest(SuiteRunner.java:334)
	at org.testng.SuiteRunner.access$000(SuiteRunner.java:37)
	at org.testng.SuiteRunner$SuiteWorker.run(SuiteRunner.java:368)
	at org.testng.internal.thread.ThreadUtil$2.call(ThreadUtil.java:64)
	at java.util.concurrent.FutureTask.run(Unknown Source)
	at java.util.concurrent.ThreadPoolExecutor.runWorker(Unknown Source)
	at java.util.concurrent.ThreadPoolExecutor$Worker.run(Unknown Source)
	at java.lang.Thread.run(Unknown Source)
]]>
            </full-stacktrace>
          </exception> <!-- java.lang.AssertionError -->
          <reporter-output>
          </reporter-output>
        </test-method> <!-- ValidateTitle -->
        <test-method status="PASS" signature="teardown()[pri:0, instance:academy.ValidateTitelTest@37ceb1df]" name="teardown" is-config="true" duration-ms="51" started-at="2021-01-05T00:15:59Z" finished-at="2021-01-05T00:16:00Z">
          <reporter-output>
          </reporter-output>
        </test-method> <!-- teardown -->
      </class> <!-- academy.ValidateTitelTest -->
    </test> <!-- Validating title in the Page -->
  </suite> <!-- Suite -->
</testng-results>
